# JRE version: OpenJDK Runtime Environment (11.0.12+7) (build 11.0.12+7-b1504.28-7817840)
# Java VM: OpenJDK 64-Bit Server VM (11.0.12+7-b1504.28-7817840, mixed mode, tiered, compressed oops, g1 gc, windows-amd64)
Heap:
 garbage-first heap   total 347136K, used 151885K [0x0000000080000000, 0x0000000100000000)
  region size 1024K, 2 young (2048K), 2 survivors (2048K)
 Metaspace       used 129151K, capacity 132540K, committed 132728K, reserved 1165312K
  class space    used 15941K, capacity 17150K, committed 17152K, reserved 1048576K
GC Heap History (20 events):
Event: 101.523 GC heap after
{Heap after GC invocations=55 (full 0):
 garbage-first heap   total 225280K, used 182109K [0x0000000080000000, 0x0000000100000000)
  region size 1024K, 2 young (2048K), 2 survivors (2048K)
 Metaspace       used 123539K, capacity 126899K, committed 127096K, reserved 1159168K
  class space    used 15357K, capacity 16571K, committed 16640K, reserved 1048576K
}
Event: 101.626 GC heap before
{Heap before GC invocations=55 (full 0):
 garbage-first heap   total 225280K, used 195421K [0x0000000080000000, 0x0000000100000000)
  region size 1024K, 16 young (16384K), 2 survivors (2048K)
 Metaspace       used 123952K, capacity 127315K, committed 127608K, reserved 1161216K
  class space    used 15390K, capacity 16603K, committed 16640K, reserved 1048576K
}
Event: 101.629 GC heap after
{Heap after GC invocations=56 (full 0):
 garbage-first heap   total 225280K, used 182640K [0x0000000080000000, 0x0000000100000000)
  region size 1024K, 2 young (2048K), 2 survivors (2048K)
 Metaspace       used 123952K, capacity 127315K, committed 127608K, reserved 1161216K
  class space    used 15390K, capacity 16603K, committed 16640K, reserved 1048576K
}
Event: 101.738 GC heap before
{Heap before GC invocations=56 (full 0):
 garbage-first heap   total 225280K, used 194928K [0x0000000080000000, 0x0000000100000000)
  region size 1024K, 15 young (15360K), 2 survivors (2048K)
 Metaspace       used 124297K, capacity 127733K, committed 127864K, reserved 1161216K
  class space    used 15414K, capacity 16636K, committed 16640K, reserved 1048576K
}
Event: 101.741 GC heap after
{Heap after GC invocations=57 (full 0):
 garbage-first heap   total 225280K, used 183599K [0x0000000080000000, 0x0000000100000000)
  region size 1024K, 2 young (2048K), 2 survivors (2048K)
 Metaspace       used 124297K, capacity 127733K, committed 127864K, reserved 1161216K
  class space    used 15414K, capacity 16636K, committed 16640K, reserved 1048576K
}
Event: 101.792 GC heap before
{Heap before GC invocations=57 (full 0):
 garbage-first heap   total 225280K, used 196911K [0x0000000080000000, 0x0000000100000000)
  region size 1024K, 15 young (15360K), 2 survivors (2048K)
 Metaspace       used 124403K, capacity 127797K, committed 127864K, reserved 1161216K
  class space    used 15418K, capacity 16636K, committed 16640K, reserved 1048576K
}
Event: 101.799 GC heap after
{Heap after GC invocations=58 (full 0):
 garbage-first heap   total 225280K, used 186726K [0x0000000080000000, 0x0000000100000000)
  region size 1024K, 2 young (2048K), 2 survivors (2048K)
 Metaspace       used 124403K, capacity 127797K, committed 127864K, reserved 1161216K
  class space    used 15418K, capacity 16636K, committed 16640K, reserved 1048576K
}
Event: 101.871 GC heap before
{Heap before GC invocations=58 (full 0):
 garbage-first heap   total 225280K, used 195942K [0x0000000080000000, 0x0000000100000000)
  region size 1024K, 12 young (12288K), 2 survivors (2048K)
 Metaspace       used 124539K, capacity 127935K, committed 128120K, reserved 1161216K
  class space    used 15426K, capacity 16636K, committed 16640K, reserved 1048576K
}
Event: 101.876 GC heap after
{Heap after GC invocations=59 (full 0):
 garbage-first heap   total 225280K, used 189733K [0x0000000080000000, 0x0000000100000000)
  region size 1024K, 2 young (2048K), 2 survivors (2048K)
 Metaspace       used 124539K, capacity 127935K, committed 128120K, reserved 1161216K
  class space    used 15426K, capacity 16636K, committed 16640K, reserved 1048576K
}
Event: 101.997 GC heap before
{Heap before GC invocations=59 (full 0):
 garbage-first heap   total 225280K, used 197925K [0x0000000080000000, 0x0000000100000000)
  region size 1024K, 11 young (11264K), 2 survivors (2048K)
 Metaspace       used 124629K, capacity 127999K, committed 128120K, reserved 1161216K
  class space    used 15426K, capacity 16636K, committed 16640K, reserved 1048576K
}
Event: 102.001 GC heap after
{Heap after GC invocations=60 (full 0):
 garbage-first heap   total 225280K, used 190178K [0x0000000080000000, 0x0000000100000000)
  region size 1024K, 1 young (1024K), 1 survivors (1024K)
 Metaspace       used 124629K, capacity 127999K, committed 128120K, reserved 1161216K
  class space    used 15426K, capacity 16636K, committed 16640K, reserved 1048576K
}
Event: 102.305 GC heap before
{Heap before GC invocations=61 (full 0):
 garbage-first heap   total 225280K, used 186082K [0x0000000080000000, 0x0000000100000000)
  region size 1024K, 11 young (11264K), 1 survivors (1024K)
 Metaspace       used 124714K, capacity 128063K, committed 128120K, reserved 1161216K
  class space    used 15426K, capacity 16635K, committed 16640K, reserved 1048576K
}
Event: 102.309 GC heap after
{Heap after GC invocations=62 (full 0):
 garbage-first heap   total 288768K, used 176879K [0x0000000080000000, 0x0000000100000000)
  region size 1024K, 1 young (1024K), 1 survivors (1024K)
 Metaspace       used 124714K, capacity 128063K, committed 128120K, reserved 1161216K
  class space    used 15426K, capacity 16635K, committed 16640K, reserved 1048576K
}
Event: 102.524 GC heap before
{Heap before GC invocations=62 (full 0):
 garbage-first heap   total 288768K, used 189167K [0x0000000080000000, 0x0000000100000000)
  region size 1024K, 14 young (14336K), 1 survivors (1024K)
 Metaspace       used 124982K, capacity 128334K, committed 128376K, reserved 1161216K
  class space    used 15444K, capacity 16636K, committed 16640K, reserved 1048576K
}
Event: 102.528 GC heap after
{Heap after GC invocations=63 (full 0):
 garbage-first heap   total 288768K, used 148922K [0x0000000080000000, 0x0000000100000000)
  region size 1024K, 1 young (1024K), 1 survivors (1024K)
 Metaspace       used 124982K, capacity 128334K, committed 128376K, reserved 1161216K
  class space    used 15444K, capacity 16636K, committed 16640K, reserved 1048576K
}
Event: 102.655 GC heap before
{Heap before GC invocations=63 (full 0):
 garbage-first heap   total 288768K, used 162234K [0x0000000080000000, 0x0000000100000000)
  region size 1024K, 14 young (14336K), 1 survivors (1024K)
 Metaspace       used 125523K, capacity 128936K, committed 129016K, reserved 1161216K
  class space    used 15507K, capacity 16704K, committed 16768K, reserved 1048576K
}
Event: 102.661 GC heap after
{Heap after GC invocations=64 (full 0):
 garbage-first heap   total 288768K, used 146991K [0x0000000080000000, 0x0000000100000000)
  region size 1024K, 2 young (2048K), 2 survivors (2048K)
 Metaspace       used 125523K, capacity 128936K, committed 129016K, reserved 1161216K
  class space    used 15507K, capacity 16704K, committed 16768K, reserved 1048576K
}
Event: 103.278 GC heap before
{Heap before GC invocations=64 (full 0):
 garbage-first heap   total 288768K, used 197167K [0x0000000080000000, 0x0000000100000000)
  region size 1024K, 52 young (53248K), 2 survivors (2048K)
 Metaspace       used 126743K, capacity 130158K, committed 130424K, reserved 1163264K
  class space    used 15635K, capacity 16848K, committed 16896K, reserved 1048576K
}
Event: 103.285 GC heap after
{Heap after GC invocations=65 (full 0):
 garbage-first heap   total 288768K, used 150979K [0x0000000080000000, 0x0000000100000000)
  region size 1024K, 6 young (6144K), 6 survivors (6144K)
 Metaspace       used 126743K, capacity 130158K, committed 130424K, reserved 1163264K
  class space    used 15635K, capacity 16848K, committed 16896K, reserved 1048576K
}
Event: 103.970 GC heap before
{Heap before GC invocations=65 (full 0):
 garbage-first heap   total 288768K, used 205251K [0x0000000080000000, 0x0000000100000000)
  region size 1024K, 59 young (60416K), 6 survivors (6144K)
 Metaspace       used 129151K, capacity 132540K, committed 132728K, reserved 1165312K
  class space    used 15941K, capacity 17150K, committed 17152K, reserved 1048576K
}

