# JRE version: OpenJDK Runtime Environment (11.0.12+7) (build 11.0.12+7-b1504.28-7817840)
# Java VM: OpenJDK 64-Bit Server VM (11.0.12+7-b1504.28-7817840, mixed mode, tiered, compressed oops, g1 gc, windows-amd64)
Heap:
 garbage-first heap   total 324608K, used 231228K [0x0000000080000000, 0x0000000100000000)
  region size 1024K, 55 young (56320K), 9 survivors (9216K)
 Metaspace       used 100673K, capacity 103450K, committed 104064K, reserved 1138688K
  class space    used 13205K, capacity 14223K, committed 14464K, reserved 1048576K
GC Heap History (20 events):
Event: 8.700 GC heap before
{Heap before GC invocations=18 (full 0):
 garbage-first heap   total 187392K, used 143841K [0x0000000080000000, 0x0000000100000000)
  region size 1024K, 82 young (83968K), 11 survivors (11264K)
 Metaspace       used 86923K, capacity 89481K, committed 89728K, reserved 1126400K
  class space    used 11425K, capacity 12376K, committed 12416K, reserved 1048576K
}
Event: 8.715 GC heap after
{Heap after GC invocations=19 (full 0):
 garbage-first heap   total 225280K, used 78053K [0x0000000080000000, 0x0000000100000000)
  region size 1024K, 6 young (6144K), 6 survivors (6144K)
 Metaspace       used 86923K, capacity 89481K, committed 89728K, reserved 1126400K
  class space    used 11425K, capacity 12376K, committed 12416K, reserved 1048576K
}
Event: 9.335 GC heap before
{Heap before GC invocations=19 (full 0):
 garbage-first heap   total 225280K, used 163045K [0x0000000080000000, 0x0000000100000000)
  region size 1024K, 90 young (92160K), 6 survivors (6144K)
 Metaspace       used 88068K, capacity 90681K, committed 90880K, reserved 1128448K
  class space    used 11513K, capacity 12484K, committed 12544K, reserved 1048576K
}
Event: 9.345 GC heap after
{Heap after GC invocations=20 (full 0):
 garbage-first heap   total 225280K, used 82646K [0x0000000080000000, 0x0000000100000000)
  region size 1024K, 10 young (10240K), 10 survivors (10240K)
 Metaspace       used 88068K, capacity 90681K, committed 90880K, reserved 1128448K
  class space    used 11513K, capacity 12484K, committed 12544K, reserved 1048576K
}
Event: 9.874 GC heap before
{Heap before GC invocations=20 (full 0):
 garbage-first heap   total 225280K, used 169686K [0x0000000080000000, 0x0000000100000000)
  region size 1024K, 96 young (98304K), 10 survivors (10240K)
 Metaspace       used 92584K, capacity 95190K, committed 95360K, reserved 1132544K
  class space    used 12100K, capacity 13063K, committed 13184K, reserved 1048576K
}
Event: 9.884 GC heap after
{Heap after GC invocations=21 (full 0):
 garbage-first heap   total 225280K, used 87270K [0x0000000080000000, 0x0000000100000000)
  region size 1024K, 10 young (10240K), 10 survivors (10240K)
 Metaspace       used 92584K, capacity 95190K, committed 95360K, reserved 1132544K
  class space    used 12100K, capacity 13063K, committed 13184K, reserved 1048576K
}
Event: 10.237 GC heap before
{Heap before GC invocations=21 (full 0):
 garbage-first heap   total 225280K, used 173286K [0x0000000080000000, 0x0000000100000000)
  region size 1024K, 95 young (97280K), 10 survivors (10240K)
 Metaspace       used 93624K, capacity 96380K, committed 96512K, reserved 1132544K
  class space    used 12221K, capacity 13219K, committed 13312K, reserved 1048576K
}
Event: 10.250 GC heap after
{Heap after GC invocations=22 (full 0):
 garbage-first heap   total 225280K, used 93044K [0x0000000080000000, 0x0000000100000000)
  region size 1024K, 10 young (10240K), 10 survivors (10240K)
 Metaspace       used 93624K, capacity 96380K, committed 96512K, reserved 1132544K
  class space    used 12221K, capacity 13219K, committed 13312K, reserved 1048576K
}
Event: 10.617 GC heap before
{Heap before GC invocations=22 (full 0):
 garbage-first heap   total 225280K, used 192372K [0x0000000080000000, 0x0000000100000000)
  region size 1024K, 94 young (96256K), 10 survivors (10240K)
 Metaspace       used 96431K, capacity 99272K, committed 99456K, reserved 1134592K
  class space    used 12564K, capacity 13608K, committed 13696K, reserved 1048576K
}
Event: 10.632 GC heap after
{Heap after GC invocations=23 (full 0):
 garbage-first heap   total 270336K, used 120305K [0x0000000080000000, 0x0000000100000000)
  region size 1024K, 12 young (12288K), 12 survivors (12288K)
 Metaspace       used 96431K, capacity 99272K, committed 99456K, reserved 1134592K
  class space    used 12564K, capacity 13608K, committed 13696K, reserved 1048576K
}
Event: 10.737 GC heap before
{Heap before GC invocations=23 (full 0):
 garbage-first heap   total 270336K, used 155121K [0x0000000080000000, 0x0000000100000000)
  region size 1024K, 36 young (36864K), 12 survivors (12288K)
 Metaspace       used 97750K, capacity 100603K, committed 100608K, reserved 1136640K
  class space    used 12753K, capacity 13820K, committed 13824K, reserved 1048576K
}
Event: 10.752 GC heap after
{Heap after GC invocations=24 (full 0):
 garbage-first heap   total 270336K, used 132315K [0x0000000080000000, 0x0000000100000000)
  region size 1024K, 5 young (5120K), 5 survivors (5120K)
 Metaspace       used 97750K, capacity 100603K, committed 100608K, reserved 1136640K
  class space    used 12753K, capacity 13820K, committed 13824K, reserved 1048576K
}
Event: 10.980 GC heap before
{Heap before GC invocations=24 (full 0):
 garbage-first heap   total 270336K, used 215259K [0x0000000080000000, 0x0000000100000000)
  region size 1024K, 64 young (65536K), 5 survivors (5120K)
 Metaspace       used 97995K, capacity 100658K, committed 101504K, reserved 1136640K
  class space    used 12713K, capacity 13685K, committed 13952K, reserved 1048576K
}
Event: 10.996 GC heap after
{Heap after GC invocations=25 (full 0):
 garbage-first heap   total 270336K, used 153600K [0x0000000080000000, 0x0000000100000000)
  region size 1024K, 8 young (8192K), 8 survivors (8192K)
 Metaspace       used 97995K, capacity 100658K, committed 101504K, reserved 1136640K
  class space    used 12713K, capacity 13685K, committed 13952K, reserved 1048576K
}
Event: 11.050 GC heap before
{Heap before GC invocations=26 (full 0):
 garbage-first heap   total 270336K, used 178176K [0x0000000080000000, 0x0000000100000000)
  region size 1024K, 34 young (34816K), 8 survivors (8192K)
 Metaspace       used 98033K, capacity 100664K, committed 101504K, reserved 1136640K
  class space    used 12717K, capacity 13687K, committed 13952K, reserved 1048576K
}
Event: 11.063 GC heap after
{Heap after GC invocations=27 (full 0):
 garbage-first heap   total 270336K, used 158720K [0x0000000080000000, 0x0000000100000000)
  region size 1024K, 5 young (5120K), 5 survivors (5120K)
 Metaspace       used 98033K, capacity 100664K, committed 101504K, reserved 1136640K
  class space    used 12717K, capacity 13687K, committed 13952K, reserved 1048576K
}
Event: 11.156 GC heap before
{Heap before GC invocations=27 (full 0):
 garbage-first heap   total 270336K, used 203776K [0x0000000080000000, 0x0000000100000000)
  region size 1024K, 48 young (49152K), 5 survivors (5120K)
 Metaspace       used 98098K, capacity 100760K, committed 101504K, reserved 1136640K
  class space    used 12719K, capacity 13719K, committed 13952K, reserved 1048576K
}
Event: 11.169 GC heap after
{Heap after GC invocations=28 (full 0):
 garbage-first heap   total 324608K, used 166912K [0x0000000080000000, 0x0000000100000000)
  region size 1024K, 6 young (6144K), 6 survivors (6144K)
 Metaspace       used 98098K, capacity 100760K, committed 101504K, reserved 1136640K
  class space    used 12719K, capacity 13719K, committed 13952K, reserved 1048576K
}
Event: 11.678 GC heap before
{Heap before GC invocations=29 (full 0):
 garbage-first heap   total 324608K, used 229376K [0x0000000080000000, 0x0000000100000000)
  region size 1024K, 66 young (67584K), 6 survivors (6144K)
 Metaspace       used 100638K, capacity 103382K, committed 104064K, reserved 1138688K
  class space    used 13205K, capacity 14223K, committed 14464K, reserved 1048576K
}
Event: 11.705 GC heap after
{Heap after GC invocations=30 (full 0):
 garbage-first heap   total 324608K, used 186172K [0x0000000080000000, 0x0000000100000000)
  region size 1024K, 9 young (9216K), 9 survivors (9216K)
 Metaspace       used 100638K, capacity 103382K, committed 104064K, reserved 1138688K
  class space    used 13205K, capacity 14223K, committed 14464K, reserved 1048576K
}

